2013-09-12 19:07:22,180 - ResourceManager : found tpluaskin.vm with loader org.apache.velocity.runtime.resource.loader.ClasspathResourceLoader
2013-09-12 19:07:22,182 - ResourceManager : found tpluaskin.vm with loader org.apache.velocity.runtime.resource.loader.ClasspathResourceLoader
2013-09-12 19:07:22,183 - ResourceManager : found tpluaskin.vm with loader org.apache.velocity.runtime.resource.loader.ClasspathResourceLoader
2013-09-12 19:07:22,185 - ResourceManager : found tpluaskin.vm with loader org.apache.velocity.runtime.resource.loader.ClasspathResourceLoader
2013-09-12 19:07:22,186 - ResourceManager : found tpluaskin.vm with loader org.apache.velocity.runtime.resource.loader.ClasspathResourceLoader
2013-09-12 19:07:22,187 - ResourceManager : found tpluaskin.vm with loader org.apache.velocity.runtime.resource.loader.ClasspathResourceLoader
2013-09-12 19:07:22,189 - ResourceManager : found tpluaskin.vm with loader org.apache.velocity.runtime.resource.loader.ClasspathResourceLoader
2013-09-12 19:07:22,190 - ResourceManager : found tpluaskin.vm with loader org.apache.velocity.runtime.resource.loader.ClasspathResourceLoader
2013-09-12 19:07:22,192 - ResourceManager : found tpluaskin.vm with loader org.apache.velocity.runtime.resource.loader.ClasspathResourceLoader
2013-09-12 19:07:22,193 - ResourceManager : found tpluaskin.vm with loader org.apache.velocity.runtime.resource.loader.ClasspathResourceLoader
2013-09-12 19:07:22,195 - ResourceManager : found tpluaskin.vm with loader org.apache.velocity.runtime.resource.loader.ClasspathResourceLoader
2013-09-12 19:07:22,196 - ResourceManager : found tpluaskin.vm with loader org.apache.velocity.runtime.resource.loader.ClasspathResourceLoader
2013-09-12 19:07:22,198 - ResourceManager : found tpluaskin.vm with loader org.apache.velocity.runtime.resource.loader.ClasspathResourceLoader
2013-09-12 19:07:22,199 - ResourceManager : found tpluaskin.vm with loader org.apache.velocity.runtime.resource.loader.ClasspathResourceLoader
2013-09-12 19:07:22,201 - ResourceManager : found tpluaskin.vm with loader org.apache.velocity.runtime.resource.loader.ClasspathResourceLoader
2013-09-12 19:07:22,202 - ResourceManager : found tpluaskin.vm with loader org.apache.velocity.runtime.resource.loader.ClasspathResourceLoader
2013-09-12 19:07:22,203 - ResourceManager : found tpluaskin.vm with loader org.apache.velocity.runtime.resource.loader.ClasspathResourceLoader
2013-09-12 19:07:22,205 - ResourceManager : found tpluaskin.vm with loader org.apache.velocity.runtime.resource.loader.ClasspathResourceLoader
2013-09-12 19:07:22,205 - ResourceManager : found tpluaskin.vm with loader org.apache.velocity.runtime.resource.loader.ClasspathResourceLoader
2013-09-12 19:07:22,206 - ResourceManager : found tpluaskin.vm with loader org.apache.velocity.runtime.resource.loader.ClasspathResourceLoader
2013-09-12 19:07:22,207 - ResourceManager : found tpluaskin.vm with loader org.apache.velocity.runtime.resource.loader.ClasspathResourceLoader
2013-09-12 19:07:22,208 - ResourceManager : found tpluaskin.vm with loader org.apache.velocity.runtime.resource.loader.ClasspathResourceLoader
2013-09-12 19:07:22,210 - ResourceManager : found tpluaskin.vm with loader org.apache.velocity.runtime.resource.loader.ClasspathResourceLoader
2013-09-12 19:07:22,211 - ResourceManager : found tpluaskin.vm with loader org.apache.velocity.runtime.resource.loader.ClasspathResourceLoader
2013-09-12 19:07:22,213 - ResourceManager : found tpluaskin.vm with loader org.apache.velocity.runtime.resource.loader.ClasspathResourceLoader
2013-09-12 19:07:22,214 - ResourceManager : found tpluaskin.vm with loader org.apache.velocity.runtime.resource.loader.ClasspathResourceLoader
2013-09-12 19:07:22,216 - ResourceManager : found tpluaskin.vm with loader org.apache.velocity.runtime.resource.loader.ClasspathResourceLoader
2013-09-12 19:07:22,217 - ResourceManager : found tpluaskin.vm with loader org.apache.velocity.runtime.resource.loader.ClasspathResourceLoader
2013-09-12 19:07:22,218 - ResourceManager : found tpluaskin.vm with loader org.apache.velocity.runtime.resource.loader.ClasspathResourceLoader
2013-09-12 19:07:22,220 - ResourceManager : found tpluaskin.vm with loader org.apache.velocity.runtime.resource.loader.ClasspathResourceLoader
2013-09-12 19:07:22,222 - ResourceManager : found tpluaskin.vm with loader org.apache.velocity.runtime.resource.loader.ClasspathResourceLoader
2013-09-12 19:07:22,223 - ResourceManager : found tpluaskin.vm with loader org.apache.velocity.runtime.resource.loader.ClasspathResourceLoader
2013-09-12 19:07:22,225 - ResourceManager : found tpluaskin.vm with loader org.apache.velocity.runtime.resource.loader.ClasspathResourceLoader
2013-09-12 19:07:22,226 - ResourceManager : found tpluaskin.vm with loader org.apache.velocity.runtime.resource.loader.ClasspathResourceLoader
2013-09-12 19:07:22,228 - ResourceManager : found tpluaskin.vm with loader org.apache.velocity.runtime.resource.loader.ClasspathResourceLoader
2013-09-12 19:07:22,229 - ResourceManager : found tpluaskin.vm with loader org.apache.velocity.runtime.resource.loader.ClasspathResourceLoader
2013-09-12 19:07:22,231 - ResourceManager : found tpluaskin.vm with loader org.apache.velocity.runtime.resource.loader.ClasspathResourceLoader
2013-09-12 19:07:22,232 - ResourceManager : found tpluaskin.vm with loader org.apache.velocity.runtime.resource.loader.ClasspathResourceLoader
2013-09-12 19:07:22,234 - ResourceManager : found tpluaskin.vm with loader org.apache.velocity.runtime.resource.loader.ClasspathResourceLoader
2013-09-12 19:07:22,235 - ResourceManager : found tpluaskin.vm with loader org.apache.velocity.runtime.resource.loader.ClasspathResourceLoader
2013-09-12 19:07:22,236 - ResourceManager : found tpluaskin.vm with loader org.apache.velocity.runtime.resource.loader.ClasspathResourceLoader
2013-09-12 19:07:22,238 - ResourceManager : found tpluaskin.vm with loader org.apache.velocity.runtime.resource.loader.ClasspathResourceLoader
2013-09-12 19:07:22,239 - ResourceManager : found tpluaskin.vm with loader org.apache.velocity.runtime.resource.loader.ClasspathResourceLoader
2013-09-12 19:07:22,240 - ResourceManager : found tpluaskin.vm with loader org.apache.velocity.runtime.resource.loader.ClasspathResourceLoader
2013-09-12 19:07:22,242 - ResourceManager : found tpluaskin.vm with loader org.apache.velocity.runtime.resource.loader.ClasspathResourceLoader
2013-09-12 19:07:22,243 - ResourceManager : found tpluaskin.vm with loader org.apache.velocity.runtime.resource.loader.ClasspathResourceLoader
2013-09-12 19:07:22,244 - ResourceManager : found tpluaskin.vm with loader org.apache.velocity.runtime.resource.loader.ClasspathResourceLoader
2013-09-12 19:07:22,246 - ResourceManager : found tpluaskin.vm with loader org.apache.velocity.runtime.resource.loader.ClasspathResourceLoader
2013-09-12 19:07:22,247 - ResourceManager : found tpluaskin.vm with loader org.apache.velocity.runtime.resource.loader.ClasspathResourceLoader
2013-09-12 19:07:22,248 - ResourceManager : found tpluaskin.vm with loader org.apache.velocity.runtime.resource.loader.ClasspathResourceLoader
2013-09-12 19:07:22,250 - ResourceManager : found tpluaskin.vm with loader org.apache.velocity.runtime.resource.loader.ClasspathResourceLoader
2013-09-12 19:07:22,251 - ResourceManager : found tpluaskin.vm with loader org.apache.velocity.runtime.resource.loader.ClasspathResourceLoader
2013-09-12 19:07:22,252 - ResourceManager : found tpluaskin.vm with loader org.apache.velocity.runtime.resource.loader.ClasspathResourceLoader
2013-09-12 19:07:22,253 - ResourceManager : found tpluaskin.vm with loader org.apache.velocity.runtime.resource.loader.ClasspathResourceLoader
2013-09-12 19:07:22,254 - ResourceManager : found tpluaskin.vm with loader org.apache.velocity.runtime.resource.loader.ClasspathResourceLoader
2013-09-12 19:07:22,256 - ResourceManager : found tpluaskin.vm with loader org.apache.velocity.runtime.resource.loader.ClasspathResourceLoader
2013-09-12 19:07:22,257 - ResourceManager : found tpluaskin.vm with loader org.apache.velocity.runtime.resource.loader.ClasspathResourceLoader
2013-09-12 19:07:22,259 - ResourceManager : found tpluaskinsinit.vm with loader org.apache.velocity.runtime.resource.loader.ClasspathResourceLoader
2013-09-12 19:07:22,260 - ResourceManager : found tpluaspaskinreferences.vm with loader org.apache.velocity.runtime.resource.loader.ClasspathResourceLoader
2013-09-12 19:07:22,348 - ResourceManager : found tpjsonthemes.vm with loader org.apache.velocity.runtime.resource.loader.ClasspathResourceLoader
2013-09-12 19:07:22,350 - ResourceManager : found tpjsonthemes.vm with loader org.apache.velocity.runtime.resource.loader.ClasspathResourceLoader
2013-09-12 19:07:22,351 - ResourceManager : found tpjsonthemes.vm with loader org.apache.velocity.runtime.resource.loader.ClasspathResourceLoader
2013-09-12 19:07:22,352 - ResourceManager : found tpjsonthemes.vm with loader org.apache.velocity.runtime.resource.loader.ClasspathResourceLoader
2013-09-12 19:07:22,354 - ResourceManager : found tpjsonthemes.vm with loader org.apache.velocity.runtime.resource.loader.ClasspathResourceLoader
2013-09-12 19:07:22,355 - ResourceManager : found tpjsonthemes.vm with loader org.apache.velocity.runtime.resource.loader.ClasspathResourceLoader
2013-09-12 19:07:22,357 - ResourceManager : found tpjsonthemes.vm with loader org.apache.velocity.runtime.resource.loader.ClasspathResourceLoader
2013-09-12 19:07:22,359 - ResourceManager : found tpjsonthemes.vm with loader org.apache.velocity.runtime.resource.loader.ClasspathResourceLoader
2013-09-12 19:07:22,361 - ResourceManager : found tpjsonthemes.vm with loader org.apache.velocity.runtime.resource.loader.ClasspathResourceLoader
2013-09-12 19:07:22,362 - ResourceManager : found tpjsonthemes.vm with loader org.apache.velocity.runtime.resource.loader.ClasspathResourceLoader
2013-09-12 19:07:22,364 - ResourceManager : found tpjsonthemes.vm with loader org.apache.velocity.runtime.resource.loader.ClasspathResourceLoader
2013-09-12 19:07:22,365 - ResourceManager : found tpjsonthemes.vm with loader org.apache.velocity.runtime.resource.loader.ClasspathResourceLoader
2013-09-12 19:07:22,367 - ResourceManager : found tpjsonthemes.vm with loader org.apache.velocity.runtime.resource.loader.ClasspathResourceLoader
2013-09-12 19:07:22,368 - ResourceManager : found tpjsonthemes.vm with loader org.apache.velocity.runtime.resource.loader.ClasspathResourceLoader
2013-09-12 19:07:22,369 - ResourceManager : found tpjsonthemes.vm with loader org.apache.velocity.runtime.resource.loader.ClasspathResourceLoader
2013-09-12 19:07:22,371 - ResourceManager : found tpjsonthemes.vm with loader org.apache.velocity.runtime.resource.loader.ClasspathResourceLoader
2013-09-12 19:07:22,372 - ResourceManager : found tpjsonthemes.vm with loader org.apache.velocity.runtime.resource.loader.ClasspathResourceLoader
2013-09-12 19:07:22,374 - ResourceManager : found tpjsonthemes.vm with loader org.apache.velocity.runtime.resource.loader.ClasspathResourceLoader
2013-09-12 19:07:22,375 - ResourceManager : found tpjsonthemes.vm with loader org.apache.velocity.runtime.resource.loader.ClasspathResourceLoader
2013-09-12 19:07:22,377 - ResourceManager : found tpjsonthemes.vm with loader org.apache.velocity.runtime.resource.loader.ClasspathResourceLoader
2013-09-12 19:07:22,378 - ResourceManager : found tpjsonthemes.vm with loader org.apache.velocity.runtime.resource.loader.ClasspathResourceLoader
2013-09-12 19:07:22,386 - ResourceManager : found tpjsonthemes.vm with loader org.apache.velocity.runtime.resource.loader.ClasspathResourceLoader
2013-09-12 19:07:22,387 - ResourceManager : found tpjsonthemes.vm with loader org.apache.velocity.runtime.resource.loader.ClasspathResourceLoader
2013-09-12 19:07:22,389 - ResourceManager : found tpjsonthemes.vm with loader org.apache.velocity.runtime.resource.loader.ClasspathResourceLoader
2013-09-12 19:07:22,390 - ResourceManager : found tpjsonthemes.vm with loader org.apache.velocity.runtime.resource.loader.ClasspathResourceLoader
2013-09-12 19:07:22,393 - ResourceManager : found tpjsonthemes.vm with loader org.apache.velocity.runtime.resource.loader.ClasspathResourceLoader
2013-09-12 19:07:22,394 - ResourceManager : found tpjsonthemes.vm with loader org.apache.velocity.runtime.resource.loader.ClasspathResourceLoader
2013-09-12 19:07:22,396 - ResourceManager : found tpjsonthemes.vm with loader org.apache.velocity.runtime.resource.loader.ClasspathResourceLoader
2013-09-12 19:07:22,398 - ResourceManager : found tpjsonthemes.vm with loader org.apache.velocity.runtime.resource.loader.ClasspathResourceLoader
2013-09-12 19:07:22,400 - ResourceManager : found tpjsonthemes.vm with loader org.apache.velocity.runtime.resource.loader.ClasspathResourceLoader
2013-09-12 19:07:22,401 - ResourceManager : found tpjsonthemes.vm with loader org.apache.velocity.runtime.resource.loader.ClasspathResourceLoader
2013-09-12 19:07:22,403 - ResourceManager : found tpjsonthemes.vm with loader org.apache.velocity.runtime.resource.loader.ClasspathResourceLoader
2013-09-12 19:07:22,404 - ResourceManager : found tpjsonthemes.vm with loader org.apache.velocity.runtime.resource.loader.ClasspathResourceLoader
2013-09-12 19:07:22,406 - ResourceManager : found tpjsonthemes.vm with loader org.apache.velocity.runtime.resource.loader.ClasspathResourceLoader
2013-09-12 19:07:22,407 - ResourceManager : found tpjsonthemes.vm with loader org.apache.velocity.runtime.resource.loader.ClasspathResourceLoader
2013-09-12 19:07:22,409 - ResourceManager : found tpjsonthemes.vm with loader org.apache.velocity.runtime.resource.loader.ClasspathResourceLoader
2013-09-12 19:07:22,411 - ResourceManager : found tpjsonthemes.vm with loader org.apache.velocity.runtime.resource.loader.ClasspathResourceLoader
2013-09-12 19:07:22,413 - ResourceManager : found tpjsonthemes.vm with loader org.apache.velocity.runtime.resource.loader.ClasspathResourceLoader
2013-09-12 19:07:22,414 - ResourceManager : found tpjsonthemes.vm with loader org.apache.velocity.runtime.resource.loader.ClasspathResourceLoader
2013-09-12 19:07:22,416 - ResourceManager : found tpjsonthemes.vm with loader org.apache.velocity.runtime.resource.loader.ClasspathResourceLoader
2013-09-12 19:07:22,425 - ResourceManager : found tpjsonthemes.vm with loader org.apache.velocity.runtime.resource.loader.ClasspathResourceLoader
2013-09-12 19:07:22,427 - ResourceManager : found tpjsonthemes.vm with loader org.apache.velocity.runtime.resource.loader.ClasspathResourceLoader
2013-09-12 19:07:22,428 - ResourceManager : found tpjsonthemes.vm with loader org.apache.velocity.runtime.resource.loader.ClasspathResourceLoader
2013-09-12 19:07:22,429 - ResourceManager : found tpjsonthemes.vm with loader org.apache.velocity.runtime.resource.loader.ClasspathResourceLoader
2013-09-12 19:07:22,431 - ResourceManager : found tpjsonthemes.vm with loader org.apache.velocity.runtime.resource.loader.ClasspathResourceLoader
2013-09-12 19:07:22,432 - ResourceManager : found tpjsonthemes.vm with loader org.apache.velocity.runtime.resource.loader.ClasspathResourceLoader
2013-09-12 19:07:22,434 - ResourceManager : found tpjsonthemes.vm with loader org.apache.velocity.runtime.resource.loader.ClasspathResourceLoader
2013-09-12 19:07:22,435 - ResourceManager : found tpjsonthemes.vm with loader org.apache.velocity.runtime.resource.loader.ClasspathResourceLoader
2013-09-12 19:07:22,437 - ResourceManager : found tpjsonthemes.vm with loader org.apache.velocity.runtime.resource.loader.ClasspathResourceLoader
2013-09-12 19:07:22,438 - ResourceManager : found tpjsonthemes.vm with loader org.apache.velocity.runtime.resource.loader.ClasspathResourceLoader
2013-09-12 19:07:22,439 - ResourceManager : found tpjsonthemes.vm with loader org.apache.velocity.runtime.resource.loader.ClasspathResourceLoader
2013-09-12 19:07:22,441 - ResourceManager : found tpjsonthemes.vm with loader org.apache.velocity.runtime.resource.loader.ClasspathResourceLoader
2013-09-12 19:07:22,443 - ResourceManager : found tpjsonthemes.vm with loader org.apache.velocity.runtime.resource.loader.ClasspathResourceLoader
2013-09-12 19:07:22,444 - ResourceManager : found tpjsonthemes.vm with loader org.apache.velocity.runtime.resource.loader.ClasspathResourceLoader
2013-09-12 19:07:22,446 - ResourceManager : found tpjsonthemes.vm with loader org.apache.velocity.runtime.resource.loader.ClasspathResourceLoader
2013-09-12 19:07:22,447 - ResourceManager : found tpjsonthemes.vm with loader org.apache.velocity.runtime.resource.loader.ClasspathResourceLoader
2013-09-12 19:07:22,448 - ResourceManager : found tpjsonthemes.vm with loader org.apache.velocity.runtime.resource.loader.ClasspathResourceLoader
2013-09-12 19:07:22,449 - ResourceManager : found tpjsonthemes.vm with loader org.apache.velocity.runtime.resource.loader.ClasspathResourceLoader
2013-09-12 19:07:22,451 - ResourceManager : found tpjsonthemes.vm with loader org.apache.velocity.runtime.resource.loader.ClasspathResourceLoader
2013-09-12 19:07:22,452 - ResourceManager : found tpjsonthemes.vm with loader org.apache.velocity.runtime.resource.loader.ClasspathResourceLoader
2013-09-12 19:07:22,453 - ResourceManager : found tpjsonthemes.vm with loader org.apache.velocity.runtime.resource.loader.ClasspathResourceLoader
2013-09-12 19:07:22,455 - ResourceManager : found tpjsonthemes.vm with loader org.apache.velocity.runtime.resource.loader.ClasspathResourceLoader
2013-09-12 19:07:22,456 - ResourceManager : found tpjsonthemes.vm with loader org.apache.velocity.runtime.resource.loader.ClasspathResourceLoader
2013-09-12 19:07:22,456 - ResourceManager : found tpjsonthemes.vm with loader org.apache.velocity.runtime.resource.loader.ClasspathResourceLoader
2013-09-12 19:07:22,457 - ResourceManager : found tpjsonthemes.vm with loader org.apache.velocity.runtime.resource.loader.ClasspathResourceLoader
2013-09-12 19:07:22,458 - ResourceManager : found tpjsonthemes.vm with loader org.apache.velocity.runtime.resource.loader.ClasspathResourceLoader
2013-09-12 19:07:22,459 - ResourceManager : found tpjsonthemes.vm with loader org.apache.velocity.runtime.resource.loader.ClasspathResourceLoader
2013-09-12 19:07:22,459 - ResourceManager : found tpjsonthemes.vm with loader org.apache.velocity.runtime.resource.loader.ClasspathResourceLoader
2013-09-12 19:07:22,460 - ResourceManager : found tpjsonthemes.vm with loader org.apache.velocity.runtime.resource.loader.ClasspathResourceLoader
2013-09-12 19:07:22,461 - ResourceManager : found tpjsonthemes.vm with loader org.apache.velocity.runtime.resource.loader.ClasspathResourceLoader
2013-09-12 19:07:22,462 - ResourceManager : found tpjsonthemes.vm with loader org.apache.velocity.runtime.resource.loader.ClasspathResourceLoader
2013-09-12 19:07:22,462 - ResourceManager : found tpjsonthemes.vm with loader org.apache.velocity.runtime.resource.loader.ClasspathResourceLoader
2013-09-12 19:07:22,463 - ResourceManager : found tpjsonthemes.vm with loader org.apache.velocity.runtime.resource.loader.ClasspathResourceLoader
2013-09-12 19:07:22,464 - ResourceManager : found tpjsonthemes.vm with loader org.apache.velocity.runtime.resource.loader.ClasspathResourceLoader
2013-09-12 19:07:22,465 - ResourceManager : found tpjsonthemes.vm with loader org.apache.velocity.runtime.resource.loader.ClasspathResourceLoader
2013-09-12 19:07:22,466 - ResourceManager : found tpjsonthemes.vm with loader org.apache.velocity.runtime.resource.loader.ClasspathResourceLoader
2013-09-12 19:07:22,467 - ResourceManager : found tpjsonthemes.vm with loader org.apache.velocity.runtime.resource.loader.ClasspathResourceLoader
2013-09-12 19:07:22,468 - ResourceManager : found tpjsonthemes.vm with loader org.apache.velocity.runtime.resource.loader.ClasspathResourceLoader
2013-09-12 19:07:22,469 - ResourceManager : found tpjsonthemes.vm with loader org.apache.velocity.runtime.resource.loader.ClasspathResourceLoader
2013-09-12 19:07:22,470 - ResourceManager : found tpjsonthemes.vm with loader org.apache.velocity.runtime.resource.loader.ClasspathResourceLoader
2013-09-12 19:07:22,476 - ResourceManager : found tpjsonthemes.vm with loader org.apache.velocity.runtime.resource.loader.ClasspathResourceLoader
2013-09-12 19:07:22,477 - ResourceManager : found tpjsonthemes.vm with loader org.apache.velocity.runtime.resource.loader.ClasspathResourceLoader
2013-09-12 19:07:22,478 - ResourceManager : found tpjsonthemes.vm with loader org.apache.velocity.runtime.resource.loader.ClasspathResourceLoader
2013-09-12 19:07:22,479 - ResourceManager : found tpjsonthemes.vm with loader org.apache.velocity.runtime.resource.loader.ClasspathResourceLoader
2013-09-12 19:07:22,481 - ResourceManager : found tpjsonthemes.vm with loader org.apache.velocity.runtime.resource.loader.ClasspathResourceLoader
2013-09-12 19:07:22,482 - ResourceManager : found tpjsonthemes.vm with loader org.apache.velocity.runtime.resource.loader.ClasspathResourceLoader
2013-09-12 19:07:22,483 - ResourceManager : found tpjsonthemes.vm with loader org.apache.velocity.runtime.resource.loader.ClasspathResourceLoader
2013-09-12 19:07:22,484 - ResourceManager : found tpjsonthemes.vm with loader org.apache.velocity.runtime.resource.loader.ClasspathResourceLoader
2013-09-12 19:07:22,485 - ResourceManager : found tpjsonthemes.vm with loader org.apache.velocity.runtime.resource.loader.ClasspathResourceLoader
2013-09-12 19:07:22,486 - ResourceManager : found tpjsonthemes.vm with loader org.apache.velocity.runtime.resource.loader.ClasspathResourceLoader
2013-09-12 19:07:22,487 - ResourceManager : found tpjsonthemes.vm with loader org.apache.velocity.runtime.resource.loader.ClasspathResourceLoader
2013-09-12 19:07:22,488 - ResourceManager : found tpjsonthemes.vm with loader org.apache.velocity.runtime.resource.loader.ClasspathResourceLoader
2013-09-12 19:07:22,489 - ResourceManager : found tpjsonthemes.vm with loader org.apache.velocity.runtime.resource.loader.ClasspathResourceLoader
2013-09-12 19:07:22,490 - ResourceManager : found tpjsonthemes.vm with loader org.apache.velocity.runtime.resource.loader.ClasspathResourceLoader
2013-09-12 19:07:22,491 - ResourceManager : found tpjsonthemes.vm with loader org.apache.velocity.runtime.resource.loader.ClasspathResourceLoader
2013-09-12 19:07:22,493 - ResourceManager : found tpjsonthemes.vm with loader org.apache.velocity.runtime.resource.loader.ClasspathResourceLoader
2013-09-12 19:07:22,494 - ResourceManager : found tpjsonthemes.vm with loader org.apache.velocity.runtime.resource.loader.ClasspathResourceLoader
2013-09-12 19:07:22,496 - ResourceManager : found tpjsonthemes.vm with loader org.apache.velocity.runtime.resource.loader.ClasspathResourceLoader
2013-09-12 19:07:22,497 - ResourceManager : found tpjsonthemes.vm with loader org.apache.velocity.runtime.resource.loader.ClasspathResourceLoader
2013-09-12 19:07:22,498 - ResourceManager : found tpjsonthemes.vm with loader org.apache.velocity.runtime.resource.loader.ClasspathResourceLoader
2013-09-12 19:07:22,500 - ResourceManager : found tpjsonthemes.vm with loader org.apache.velocity.runtime.resource.loader.ClasspathResourceLoader
2013-09-12 19:07:22,501 - ResourceManager : found tpjsonthemes.vm with loader org.apache.velocity.runtime.resource.loader.ClasspathResourceLoader
2013-09-12 19:07:22,503 - ResourceManager : found tpjsonthemes.vm with loader org.apache.velocity.runtime.resource.loader.ClasspathResourceLoader
2013-09-12 19:07:22,504 - ResourceManager : found tpjsonthemes.vm with loader org.apache.velocity.runtime.resource.loader.ClasspathResourceLoader
2013-09-12 19:07:22,505 - ResourceManager : found tpjsonthemes.vm with loader org.apache.velocity.runtime.resource.loader.ClasspathResourceLoader
2013-09-12 19:07:22,506 - ResourceManager : found tpjsonthemes.vm with loader org.apache.velocity.runtime.resource.loader.ClasspathResourceLoader
2013-09-12 19:07:22,507 - ResourceManager : found tpjsonthemes.vm with loader org.apache.velocity.runtime.resource.loader.ClasspathResourceLoader
2013-09-12 19:07:22,508 - ResourceManager : found tpjsonthemes.vm with loader org.apache.velocity.runtime.resource.loader.ClasspathResourceLoader
2013-09-12 19:07:22,509 - ResourceManager : found tpjsonthemes.vm with loader org.apache.velocity.runtime.resource.loader.ClasspathResourceLoader
2013-09-12 19:07:22,509 - ResourceManager : found tpjsonthemes.vm with loader org.apache.velocity.runtime.resource.loader.ClasspathResourceLoader
2013-09-12 19:07:22,510 - ResourceManager : found tpjsonthemes.vm with loader org.apache.velocity.runtime.resource.loader.ClasspathResourceLoader
2013-09-12 19:07:22,512 - ResourceManager : found tpjsonthemes.vm with loader org.apache.velocity.runtime.resource.loader.ClasspathResourceLoader
2013-09-12 19:07:22,513 - ResourceManager : found tpjsonthemes.vm with loader org.apache.velocity.runtime.resource.loader.ClasspathResourceLoader
2013-09-12 19:07:22,514 - ResourceManager : found tpjsonthemes.vm with loader org.apache.velocity.runtime.resource.loader.ClasspathResourceLoader
2013-09-12 19:07:22,514 - ResourceManager : found tpjsonthemes.vm with loader org.apache.velocity.runtime.resource.loader.ClasspathResourceLoader
2013-09-12 19:07:22,515 - ResourceManager : found tpjsonthemes.vm with loader org.apache.velocity.runtime.resource.loader.ClasspathResourceLoader
2013-09-12 19:07:22,516 - ResourceManager : found tpjsonthemes.vm with loader org.apache.velocity.runtime.resource.loader.ClasspathResourceLoader
2013-09-12 19:07:22,517 - ResourceManager : found tpjsonthemes.vm with loader org.apache.velocity.runtime.resource.loader.ClasspathResourceLoader
2013-09-12 19:07:22,517 - ResourceManager : found tpjsonthemes.vm with loader org.apache.velocity.runtime.resource.loader.ClasspathResourceLoader
2013-09-12 19:07:22,518 - ResourceManager : found tpjsonthemes.vm with loader org.apache.velocity.runtime.resource.loader.ClasspathResourceLoader
2013-09-12 19:07:22,522 - ResourceManager : found tpjsonthemes.vm with loader org.apache.velocity.runtime.resource.loader.ClasspathResourceLoader
2013-09-12 19:07:22,522 - ResourceManager : found tpjsonthemes.vm with loader org.apache.velocity.runtime.resource.loader.ClasspathResourceLoader
2013-09-12 19:07:22,523 - ResourceManager : found tpjsonthemes.vm with loader org.apache.velocity.runtime.resource.loader.ClasspathResourceLoader
2013-09-12 19:07:22,524 - ResourceManager : found tpjsonthemes.vm with loader org.apache.velocity.runtime.resource.loader.ClasspathResourceLoader
2013-09-12 19:07:22,525 - ResourceManager : found tpjsonthemes.vm with loader org.apache.velocity.runtime.resource.loader.ClasspathResourceLoader
2013-09-12 19:07:22,526 - ResourceManager : found tpjsonthemes.vm with loader org.apache.velocity.runtime.resource.loader.ClasspathResourceLoader
2013-09-12 19:07:22,528 - ResourceManager : found tpjsonthemes.vm with loader org.apache.velocity.runtime.resource.loader.ClasspathResourceLoader
2013-09-12 19:07:22,529 - ResourceManager : found tpjsonthemes.vm with loader org.apache.velocity.runtime.resource.loader.ClasspathResourceLoader
2013-09-12 19:07:22,530 - ResourceManager : found tpjsonthemes.vm with loader org.apache.velocity.runtime.resource.loader.ClasspathResourceLoader
2013-09-12 19:07:22,532 - ResourceManager : found tpjsonthemes.vm with loader org.apache.velocity.runtime.resource.loader.ClasspathResourceLoader
2013-09-12 19:07:22,533 - ResourceManager : found tpjsonthemes.vm with loader org.apache.velocity.runtime.resource.loader.ClasspathResourceLoader
2013-09-12 19:07:22,534 - ResourceManager : found tpjsonthemes.vm with loader org.apache.velocity.runtime.resource.loader.ClasspathResourceLoader
2013-09-12 19:07:22,536 - ResourceManager : found tpjsonthemes.vm with loader org.apache.velocity.runtime.resource.loader.ClasspathResourceLoader
2013-09-12 19:07:22,537 - ResourceManager : found tpjsonthemes.vm with loader org.apache.velocity.runtime.resource.loader.ClasspathResourceLoader
2013-09-12 19:07:22,539 - ResourceManager : found tpjsonthemes.vm with loader org.apache.velocity.runtime.resource.loader.ClasspathResourceLoader
2013-09-12 19:07:22,540 - ResourceManager : found tpjsonthemes.vm with loader org.apache.velocity.runtime.resource.loader.ClasspathResourceLoader
2013-09-12 19:07:22,541 - ResourceManager : found tpjsonthemes.vm with loader org.apache.velocity.runtime.resource.loader.ClasspathResourceLoader
2013-09-12 19:07:22,542 - ResourceManager : found tpjsonthemes.vm with loader org.apache.velocity.runtime.resource.loader.ClasspathResourceLoader
2013-09-12 19:07:22,544 - ResourceManager : found tpjsonthemes.vm with loader org.apache.velocity.runtime.resource.loader.ClasspathResourceLoader
2013-09-12 19:07:22,545 - ResourceManager : found tpjsonthemes.vm with loader org.apache.velocity.runtime.resource.loader.ClasspathResourceLoader
2013-09-12 19:07:22,545 - ResourceManager : found tpjsonthemes.vm with loader org.apache.velocity.runtime.resource.loader.ClasspathResourceLoader
2013-09-12 19:07:22,546 - ResourceManager : found tpjsonthemes.vm with loader org.apache.velocity.runtime.resource.loader.ClasspathResourceLoader
2013-09-12 19:07:22,547 - ResourceManager : found tpjsonthemes.vm with loader org.apache.velocity.runtime.resource.loader.ClasspathResourceLoader
2013-09-12 19:07:22,548 - ResourceManager : found tpjsonthemes.vm with loader org.apache.velocity.runtime.resource.loader.ClasspathResourceLoader
2013-09-12 19:07:22,548 - ResourceManager : found tpjsonthemes.vm with loader org.apache.velocity.runtime.resource.loader.ClasspathResourceLoader
2013-09-12 19:07:22,549 - ResourceManager : found tpjsonthemes.vm with loader org.apache.velocity.runtime.resource.loader.ClasspathResourceLoader
2013-09-12 19:07:22,550 - ResourceManager : found tpjsonthemes.vm with loader org.apache.velocity.runtime.resource.loader.ClasspathResourceLoader
2013-09-12 19:07:22,551 - ResourceManager : found tpjsonthemes.vm with loader org.apache.velocity.runtime.resource.loader.ClasspathResourceLoader
2013-09-12 19:07:22,552 - ResourceManager : found tpjsonthemes.vm with loader org.apache.velocity.runtime.resource.loader.ClasspathResourceLoader
2013-09-12 19:07:22,553 - ResourceManager : found tpjsonthemes.vm with loader org.apache.velocity.runtime.resource.loader.ClasspathResourceLoader
2013-09-12 19:07:22,554 - ResourceManager : found tpjsonthemes.vm with loader org.apache.velocity.runtime.resource.loader.ClasspathResourceLoader
2013-09-12 19:07:22,555 - ResourceManager : found tpjsonthemes.vm with loader org.apache.velocity.runtime.resource.loader.ClasspathResourceLoader
2013-09-12 19:07:22,555 - ResourceManager : found tpjsonthemes.vm with loader org.apache.velocity.runtime.resource.loader.ClasspathResourceLoader
2013-09-12 19:07:22,557 - ResourceManager : found tpjsonthemes.vm with loader org.apache.velocity.runtime.resource.loader.ClasspathResourceLoader
2013-09-12 19:07:22,558 - ResourceManager : found tpjsonthemes.vm with loader org.apache.velocity.runtime.resource.loader.ClasspathResourceLoader
2013-09-12 19:07:22,559 - ResourceManager : found tpjsonthemes.vm with loader org.apache.velocity.runtime.resource.loader.ClasspathResourceLoader
2013-09-12 19:07:22,560 - ResourceManager : found tpjsonthemes.vm with loader org.apache.velocity.runtime.resource.loader.ClasspathResourceLoader
2013-09-12 19:07:22,562 - ResourceManager : found tpjsonthemes.vm with loader org.apache.velocity.runtime.resource.loader.ClasspathResourceLoader
2013-09-12 19:07:22,563 - ResourceManager : found tpjsonthemes.vm with loader org.apache.velocity.runtime.resource.loader.ClasspathResourceLoader
2013-09-12 19:07:22,564 - ResourceManager : found tpjsonthemes.vm with loader org.apache.velocity.runtime.resource.loader.ClasspathResourceLoader
2013-09-12 19:07:22,570 - ResourceManager : found tpjsonthemes.vm with loader org.apache.velocity.runtime.resource.loader.ClasspathResourceLoader
2013-09-12 19:07:22,572 - ResourceManager : found tpjsonthemes.vm with loader org.apache.velocity.runtime.resource.loader.ClasspathResourceLoader
2013-09-12 19:07:22,574 - ResourceManager : found tpjsonthemes.vm with loader org.apache.velocity.runtime.resource.loader.ClasspathResourceLoader
2013-09-12 19:07:22,575 - ResourceManager : found tpjsonthemes.vm with loader org.apache.velocity.runtime.resource.loader.ClasspathResourceLoader
2013-09-12 19:07:22,576 - ResourceManager : found tpjsonthemes.vm with loader org.apache.velocity.runtime.resource.loader.ClasspathResourceLoader
2013-09-12 19:07:22,578 - ResourceManager : found tpjsonthemes.vm with loader org.apache.velocity.runtime.resource.loader.ClasspathResourceLoader
2013-09-12 19:07:22,579 - ResourceManager : found tpjsonthemes.vm with loader org.apache.velocity.runtime.resource.loader.ClasspathResourceLoader
2013-09-12 19:07:22,580 - ResourceManager : found tpjsonthemes.vm with loader org.apache.velocity.runtime.resource.loader.ClasspathResourceLoader
2013-09-12 19:07:22,581 - ResourceManager : found tpjsonthemes.vm with loader org.apache.velocity.runtime.resource.loader.ClasspathResourceLoader
2013-09-12 19:07:22,582 - ResourceManager : found tpjsonthemes.vm with loader org.apache.velocity.runtime.resource.loader.ClasspathResourceLoader
2013-09-12 19:07:22,584 - ResourceManager : found tpjsonthemes.vm with loader org.apache.velocity.runtime.resource.loader.ClasspathResourceLoader
2013-09-12 19:07:22,585 - ResourceManager : found tpjsonthemes.vm with loader org.apache.velocity.runtime.resource.loader.ClasspathResourceLoader
2013-09-12 19:07:22,586 - ResourceManager : found tpjsonthemes.vm with loader org.apache.velocity.runtime.resource.loader.ClasspathResourceLoader
2013-09-12 19:07:22,587 - ResourceManager : found tpjsonthemes.vm with loader org.apache.velocity.runtime.resource.loader.ClasspathResourceLoader
2013-09-12 19:07:22,588 - ResourceManager : found tpjsonthemes.vm with loader org.apache.velocity.runtime.resource.loader.ClasspathResourceLoader
2013-09-12 19:07:22,590 - ResourceManager : found tpjsonthemes.vm with loader org.apache.velocity.runtime.resource.loader.ClasspathResourceLoader
2013-09-12 19:07:22,591 - ResourceManager : found tpjsonthemes.vm with loader org.apache.velocity.runtime.resource.loader.ClasspathResourceLoader
2013-09-12 19:07:22,593 - ResourceManager : found tpjsonthemes.vm with loader org.apache.velocity.runtime.resource.loader.ClasspathResourceLoader
2013-09-12 19:07:22,594 - ResourceManager : found tpjsonthemes.vm with loader org.apache.velocity.runtime.resource.loader.ClasspathResourceLoader
2013-09-12 19:07:22,595 - ResourceManager : found tpjsonthemes.vm with loader org.apache.velocity.runtime.resource.loader.ClasspathResourceLoader
2013-09-12 19:07:22,596 - ResourceManager : found tpjsonthemes.vm with loader org.apache.velocity.runtime.resource.loader.ClasspathResourceLoader
2013-09-12 19:07:22,596 - ResourceManager : found tpjsonthemes.vm with loader org.apache.velocity.runtime.resource.loader.ClasspathResourceLoader
2013-09-12 19:07:22,597 - ResourceManager : found tpjsonthemes.vm with loader org.apache.velocity.runtime.resource.loader.ClasspathResourceLoader
2013-09-12 19:07:22,598 - ResourceManager : found tpjsonthemes.vm with loader org.apache.velocity.runtime.resource.loader.ClasspathResourceLoader
2013-09-12 19:07:22,600 - ResourceManager : found tpjsonthemes.vm with loader org.apache.velocity.runtime.resource.loader.ClasspathResourceLoader
2013-09-12 19:07:22,600 - ResourceManager : found tpjsonthemes.vm with loader org.apache.velocity.runtime.resource.loader.ClasspathResourceLoader
2013-09-12 19:07:22,601 - ResourceManager : found tpjsonthemes.vm with loader org.apache.velocity.runtime.resource.loader.ClasspathResourceLoader
2013-09-12 19:07:22,602 - ResourceManager : found tpjsonthemes.vm with loader org.apache.velocity.runtime.resource.loader.ClasspathResourceLoader
2013-09-12 19:07:22,603 - ResourceManager : found tpjsonthemes.vm with loader org.apache.velocity.runtime.resource.loader.ClasspathResourceLoader
2013-09-12 19:07:22,604 - ResourceManager : found tpjsonthemes.vm with loader org.apache.velocity.runtime.resource.loader.ClasspathResourceLoader
2013-09-12 19:07:22,604 - ResourceManager : found tpjsonthemes.vm with loader org.apache.velocity.runtime.resource.loader.ClasspathResourceLoader
2013-09-12 19:07:22,605 - ResourceManager : found tpjsonthemes.vm with loader org.apache.velocity.runtime.resource.loader.ClasspathResourceLoader
2013-09-12 19:07:22,606 - ResourceManager : found tpjsonthemes.vm with loader org.apache.velocity.runtime.resource.loader.ClasspathResourceLoader
2013-09-12 19:07:22,607 - ResourceManager : found tpjsonthemes.vm with loader org.apache.velocity.runtime.resource.loader.ClasspathResourceLoader
2013-09-12 19:07:22,608 - ResourceManager : found tpjsonthemes.vm with loader org.apache.velocity.runtime.resource.loader.ClasspathResourceLoader
2013-09-12 19:07:22,609 - ResourceManager : found tpjsonthemes.vm with loader org.apache.velocity.runtime.resource.loader.ClasspathResourceLoader
2013-09-12 19:07:22,610 - ResourceManager : found tpjsonthemes.vm with loader org.apache.velocity.runtime.resource.loader.ClasspathResourceLoader
2013-09-12 19:07:22,611 - ResourceManager : found tpjsonthemes.vm with loader org.apache.velocity.runtime.resource.loader.ClasspathResourceLoader
2013-09-12 19:07:22,612 - ResourceManager : found tpjsonthemes.vm with loader org.apache.velocity.runtime.resource.loader.ClasspathResourceLoader
2013-09-12 19:07:22,613 - ResourceManager : found tpjsonthemes.vm with loader org.apache.velocity.runtime.resource.loader.ClasspathResourceLoader
2013-09-12 19:07:22,618 - ResourceManager : found tpjsonthemes.vm with loader org.apache.velocity.runtime.resource.loader.ClasspathResourceLoader
2013-09-12 19:07:22,619 - ResourceManager : found tpjsonthemes.vm with loader org.apache.velocity.runtime.resource.loader.ClasspathResourceLoader
2013-09-12 19:07:22,620 - ResourceManager : found tpjsonthemes.vm with loader org.apache.velocity.runtime.resource.loader.ClasspathResourceLoader
2013-09-12 19:07:22,621 - ResourceManager : found tpjsonthemes.vm with loader org.apache.velocity.runtime.resource.loader.ClasspathResourceLoader
2013-09-12 19:07:22,622 - ResourceManager : found tpjsonthemes.vm with loader org.apache.velocity.runtime.resource.loader.ClasspathResourceLoader
2013-09-12 19:07:22,624 - ResourceManager : found tpjsonthemes.vm with loader org.apache.velocity.runtime.resource.loader.ClasspathResourceLoader
2013-09-12 19:07:22,625 - ResourceManager : found tpjsonthemes.vm with loader org.apache.velocity.runtime.resource.loader.ClasspathResourceLoader
2013-09-12 19:07:22,626 - ResourceManager : found tpjsonthemes.vm with loader org.apache.velocity.runtime.resource.loader.ClasspathResourceLoader
2013-09-12 19:07:22,627 - ResourceManager : found tpjsonthemes.vm with loader org.apache.velocity.runtime.resource.loader.ClasspathResourceLoader
2013-09-12 19:07:22,628 - ResourceManager : found tpjsonthemes.vm with loader org.apache.velocity.runtime.resource.loader.ClasspathResourceLoader
2013-09-12 19:07:22,628 - ResourceManager : found tpjsonthemes.vm with loader org.apache.velocity.runtime.resource.loader.ClasspathResourceLoader
2013-09-12 19:07:22,629 - ResourceManager : found tpjsonthemes.vm with loader org.apache.velocity.runtime.resource.loader.ClasspathResourceLoader
2013-09-12 19:07:22,630 - ResourceManager : found tpjsonthemes.vm with loader org.apache.velocity.runtime.resource.loader.ClasspathResourceLoader
2013-09-12 19:07:22,631 - ResourceManager : found tpjsonthemes.vm with loader org.apache.velocity.runtime.resource.loader.ClasspathResourceLoader
2013-09-12 19:07:22,631 - ResourceManager : found tpjsonthemes.vm with loader org.apache.velocity.runtime.resource.loader.ClasspathResourceLoader
2013-09-12 19:07:22,632 - ResourceManager : found tpjsonthemes.vm with loader org.apache.velocity.runtime.resource.loader.ClasspathResourceLoader
2013-09-12 19:07:22,633 - ResourceManager : found tpjsonthemes.vm with loader org.apache.velocity.runtime.resource.loader.ClasspathResourceLoader
2013-09-12 19:07:22,634 - ResourceManager : found tpjsonthemes.vm with loader org.apache.velocity.runtime.resource.loader.ClasspathResourceLoader
2013-09-12 19:07:22,634 - ResourceManager : found tpjsonthemes.vm with loader org.apache.velocity.runtime.resource.loader.ClasspathResourceLoader
2013-09-12 19:07:22,635 - ResourceManager : found tpjsonthemes.vm with loader org.apache.velocity.runtime.resource.loader.ClasspathResourceLoader
2013-09-12 19:07:22,636 - ResourceManager : found tpjsonthemes.vm with loader org.apache.velocity.runtime.resource.loader.ClasspathResourceLoader
2013-09-12 19:07:22,637 - ResourceManager : found tpjsonthemes.vm with loader org.apache.velocity.runtime.resource.loader.ClasspathResourceLoader
2013-09-12 19:07:22,638 - ResourceManager : found tpjsonthemes.vm with loader org.apache.velocity.runtime.resource.loader.ClasspathResourceLoader
2013-09-12 19:07:22,639 - ResourceManager : found tpjsonthemes.vm with loader org.apache.velocity.runtime.resource.loader.ClasspathResourceLoader
2013-09-12 19:07:22,640 - ResourceManager : found tpjsonthemes.vm with loader org.apache.velocity.runtime.resource.loader.ClasspathResourceLoader
2013-09-12 19:07:22,641 - ResourceManager : found tpjsonthemes.vm with loader org.apache.velocity.runtime.resource.loader.ClasspathResourceLoader
2013-09-12 19:07:22,642 - ResourceManager : found tpjsonthemes.vm with loader org.apache.velocity.runtime.resource.loader.ClasspathResourceLoader
2013-09-12 19:07:22,643 - ResourceManager : found tpjsonthemes.vm with loader org.apache.velocity.runtime.resource.loader.ClasspathResourceLoader
2013-09-12 19:07:22,644 - ResourceManager : found tpjsonthemes.vm with loader org.apache.velocity.runtime.resource.loader.ClasspathResourceLoader
2013-09-12 19:07:22,645 - ResourceManager : found tpjsonthemes.vm with loader org.apache.velocity.runtime.resource.loader.ClasspathResourceLoader
2013-09-12 19:07:22,646 - ResourceManager : found tpjsonthemes.vm with loader org.apache.velocity.runtime.resource.loader.ClasspathResourceLoader
2013-09-12 19:07:22,648 - ResourceManager : found tpjsonthemes.vm with loader org.apache.velocity.runtime.resource.loader.ClasspathResourceLoader
2013-09-12 19:07:22,649 - ResourceManager : found tpjsonthemes.vm with loader org.apache.velocity.runtime.resource.loader.ClasspathResourceLoader
2013-09-12 19:07:22,650 - ResourceManager : found tpjsonthemes.vm with loader org.apache.velocity.runtime.resource.loader.ClasspathResourceLoader
2013-09-12 19:07:22,650 - ResourceManager : found tpjsonthemes.vm with loader org.apache.velocity.runtime.resource.loader.ClasspathResourceLoader
2013-09-12 19:07:22,651 - ResourceManager : found tpjsonthemes.vm with loader org.apache.velocity.runtime.resource.loader.ClasspathResourceLoader
2013-09-12 19:07:22,652 - ResourceManager : found tpjsonthemes.vm with loader org.apache.velocity.runtime.resource.loader.ClasspathResourceLoader
2013-09-12 19:07:22,653 - ResourceManager : found tpjsonthemes.vm with loader org.apache.velocity.runtime.resource.loader.ClasspathResourceLoader
2013-09-12 19:07:22,653 - ResourceManager : found tpjsonthemes.vm with loader org.apache.velocity.runtime.resource.loader.ClasspathResourceLoader
2013-09-12 19:07:22,654 - ResourceManager : found tpjsonthemes.vm with loader org.apache.velocity.runtime.resource.loader.ClasspathResourceLoader
2013-09-12 19:07:22,658 - ResourceManager : found tpjsonthemes.vm with loader org.apache.velocity.runtime.resource.loader.ClasspathResourceLoader
2013-09-12 19:07:22,659 - ResourceManager : found tpjsonthemes.vm with loader org.apache.velocity.runtime.resource.loader.ClasspathResourceLoader
2013-09-12 19:07:22,661 - ResourceManager : found tpjsonthemes.vm with loader org.apache.velocity.runtime.resource.loader.ClasspathResourceLoader
2013-09-12 19:07:22,662 - ResourceManager : found tpjsonthemes.vm with loader org.apache.velocity.runtime.resource.loader.ClasspathResourceLoader
2013-09-12 19:07:22,663 - ResourceManager : found tpjsonthemes.vm with loader org.apache.velocity.runtime.resource.loader.ClasspathResourceLoader
2013-09-12 19:07:22,665 - ResourceManager : found tpjsonthemes.vm with loader org.apache.velocity.runtime.resource.loader.ClasspathResourceLoader
2013-09-12 19:07:22,666 - ResourceManager : found tpjsonthemes.vm with loader org.apache.velocity.runtime.resource.loader.ClasspathResourceLoader
2013-09-12 19:07:22,667 - ResourceManager : found tpjsonthemes.vm with loader org.apache.velocity.runtime.resource.loader.ClasspathResourceLoader
2013-09-12 19:07:22,668 - ResourceManager : found tpjsonthemes.vm with loader org.apache.velocity.runtime.resource.loader.ClasspathResourceLoader
2013-09-12 19:07:22,669 - ResourceManager : found tpjsonthemes.vm with loader org.apache.velocity.runtime.resource.loader.ClasspathResourceLoader
2013-09-12 19:07:22,671 - ResourceManager : found tpjsonthemes.vm with loader org.apache.velocity.runtime.resource.loader.ClasspathResourceLoader
2013-09-12 19:07:22,672 - ResourceManager : found tpjsonthemes.vm with loader org.apache.velocity.runtime.resource.loader.ClasspathResourceLoader
2013-09-12 19:07:22,673 - ResourceManager : found tpjsonthemes.vm with loader org.apache.velocity.runtime.resource.loader.ClasspathResourceLoader
2013-09-12 19:07:22,674 - ResourceManager : found tpjsonthemes.vm with loader org.apache.velocity.runtime.resource.loader.ClasspathResourceLoader
2013-09-12 19:07:22,676 - ResourceManager : found tpjsonthemes.vm with loader org.apache.velocity.runtime.resource.loader.ClasspathResourceLoader
2013-09-12 19:07:22,677 - ResourceManager : found tpjsonthemes.vm with loader org.apache.velocity.runtime.resource.loader.ClasspathResourceLoader
2013-09-12 19:07:22,678 - ResourceManager : found tpjsonthemes.vm with loader org.apache.velocity.runtime.resource.loader.ClasspathResourceLoader
2013-09-12 19:07:22,679 - ResourceManager : found tpjsonthemes.vm with loader org.apache.velocity.runtime.resource.loader.ClasspathResourceLoader
2013-09-12 19:07:22,680 - ResourceManager : found tpjsonthemes.vm with loader org.apache.velocity.runtime.resource.loader.ClasspathResourceLoader
2013-09-12 19:07:22,681 - ResourceManager : found tpjsonthemes.vm with loader org.apache.velocity.runtime.resource.loader.ClasspathResourceLoader
2013-09-12 19:07:22,682 - ResourceManager : found tpjsonthemes.vm with loader org.apache.velocity.runtime.resource.loader.ClasspathResourceLoader
2013-09-12 19:07:22,684 - ResourceManager : found tpjsonthemes.vm with loader org.apache.velocity.runtime.resource.loader.ClasspathResourceLoader
2013-09-12 19:07:22,685 - ResourceManager : found tpjsonthemes.vm with loader org.apache.velocity.runtime.resource.loader.ClasspathResourceLoader
2013-09-12 19:07:22,687 - ResourceManager : found tpjsonthemes.vm with loader org.apache.velocity.runtime.resource.loader.ClasspathResourceLoader
2013-09-12 19:07:22,688 - ResourceManager : found tpjsonthemes.vm with loader org.apache.velocity.runtime.resource.loader.ClasspathResourceLoader
2013-09-12 19:07:22,689 - ResourceManager : found tpjsonthemes.vm with loader org.apache.velocity.runtime.resource.loader.ClasspathResourceLoader
2013-09-12 19:07:22,690 - ResourceManager : found tpjsonthemes.vm with loader org.apache.velocity.runtime.resource.loader.ClasspathResourceLoader
2013-09-12 19:07:22,691 - ResourceManager : found tpjsonthemes.vm with loader org.apache.velocity.runtime.resource.loader.ClasspathResourceLoader
2013-09-12 19:07:22,692 - ResourceManager : found tpjsonthemes.vm with loader org.apache.velocity.runtime.resource.loader.ClasspathResourceLoader
2013-09-12 19:07:22,693 - ResourceManager : found tpjsonthemes.vm with loader org.apache.velocity.runtime.resource.loader.ClasspathResourceLoader
2013-09-12 19:07:22,695 - ResourceManager : found tpjsonthemes.vm with loader org.apache.velocity.runtime.resource.loader.ClasspathResourceLoader
2013-09-12 19:07:22,696 - ResourceManager : found tpjsonthemes.vm with loader org.apache.velocity.runtime.resource.loader.ClasspathResourceLoader
2013-09-12 19:07:22,697 - ResourceManager : found tpjsonthemes.vm with loader org.apache.velocity.runtime.resource.loader.ClasspathResourceLoader
2013-09-12 19:07:22,698 - ResourceManager : found tpjsonthemes.vm with loader org.apache.velocity.runtime.resource.loader.ClasspathResourceLoader
2013-09-12 19:07:22,699 - ResourceManager : found tpjsonthemes.vm with loader org.apache.velocity.runtime.resource.loader.ClasspathResourceLoader
2013-09-12 19:07:22,700 - ResourceManager : found tpjsonthemes.vm with loader org.apache.velocity.runtime.resource.loader.ClasspathResourceLoader
2013-09-12 19:07:22,701 - ResourceManager : found tpjsonthemes.vm with loader org.apache.velocity.runtime.resource.loader.ClasspathResourceLoader
2013-09-12 19:07:22,702 - ResourceManager : found tpjsonthemes.vm with loader org.apache.velocity.runtime.resource.loader.ClasspathResourceLoader
2013-09-12 19:07:22,703 - ResourceManager : found tpjsonthemes.vm with loader org.apache.velocity.runtime.resource.loader.ClasspathResourceLoader
2013-09-12 19:07:22,704 - ResourceManager : found tpjsonthemes.vm with loader org.apache.velocity.runtime.resource.loader.ClasspathResourceLoader
2013-09-12 19:07:22,709 - ResourceManager : found tpjsonthemes.vm with loader org.apache.velocity.runtime.resource.loader.ClasspathResourceLoader
2013-09-12 19:07:22,710 - ResourceManager : found tpjsonthemes.vm with loader org.apache.velocity.runtime.resource.loader.ClasspathResourceLoader
2013-09-12 19:07:22,711 - ResourceManager : found tpjsonthemes.vm with loader org.apache.velocity.runtime.resource.loader.ClasspathResourceLoader
2013-09-12 19:07:22,712 - ResourceManager : found tpjsonthemes.vm with loader org.apache.velocity.runtime.resource.loader.ClasspathResourceLoader
2013-09-12 19:07:22,712 - ResourceManager : found tpjsonthemes.vm with loader org.apache.velocity.runtime.resource.loader.ClasspathResourceLoader
2013-09-12 19:07:22,713 - ResourceManager : found tpjsonthemes.vm with loader org.apache.velocity.runtime.resource.loader.ClasspathResourceLoader
2013-09-12 19:07:22,714 - ResourceManager : found tpjsonthemes.vm with loader org.apache.velocity.runtime.resource.loader.ClasspathResourceLoader
2013-09-12 19:07:22,715 - ResourceManager : found tpjsonthemes.vm with loader org.apache.velocity.runtime.resource.loader.ClasspathResourceLoader
2013-09-12 19:07:22,716 - ResourceManager : found tpjsonthemes.vm with loader org.apache.velocity.runtime.resource.loader.ClasspathResourceLoader
2013-09-12 19:07:22,717 - ResourceManager : found tpjsonthemes.vm with loader org.apache.velocity.runtime.resource.loader.ClasspathResourceLoader
2013-09-12 19:07:22,718 - ResourceManager : found tpjsonthemes.vm with loader org.apache.velocity.runtime.resource.loader.ClasspathResourceLoader
2013-09-12 19:07:22,719 - ResourceManager : found tpjsonthemes.vm with loader org.apache.velocity.runtime.resource.loader.ClasspathResourceLoader
2013-09-12 19:07:22,720 - ResourceManager : found tpjsonthemes.vm with loader org.apache.velocity.runtime.resource.loader.ClasspathResourceLoader
2013-09-12 19:07:22,721 - ResourceManager : found tpjsonthemes.vm with loader org.apache.velocity.runtime.resource.loader.ClasspathResourceLoader
2013-09-12 19:07:22,723 - ResourceManager : found tpjsonthemes.vm with loader org.apache.velocity.runtime.resource.loader.ClasspathResourceLoader
2013-09-12 19:07:22,724 - ResourceManager : found tpjsonthemes.vm with loader org.apache.velocity.runtime.resource.loader.ClasspathResourceLoader
2013-09-12 19:07:22,726 - ResourceManager : found tpjsonthemes.vm with loader org.apache.velocity.runtime.resource.loader.ClasspathResourceLoader
2013-09-12 19:07:22,727 - ResourceManager : found tpjsonthemes.vm with loader org.apache.velocity.runtime.resource.loader.ClasspathResourceLoader
2013-09-12 19:07:22,729 - ResourceManager : found tpjsonthemes.vm with loader org.apache.velocity.runtime.resource.loader.ClasspathResourceLoader
2013-09-12 19:07:22,730 - ResourceManager : found tpjsonthemes.vm with loader org.apache.velocity.runtime.resource.loader.ClasspathResourceLoader
2013-09-12 19:07:22,731 - ResourceManager : found tpjsonthemes.vm with loader org.apache.velocity.runtime.resource.loader.ClasspathResourceLoader
2013-09-12 19:07:22,733 - ResourceManager : found tpjsonthemes.vm with loader org.apache.velocity.runtime.resource.loader.ClasspathResourceLoader
2013-09-12 19:07:22,733 - ResourceManager : found tpjsonthemes.vm with loader org.apache.velocity.runtime.resource.loader.ClasspathResourceLoader
2013-09-12 19:07:22,734 - ResourceManager : found tpjsonthemes.vm with loader org.apache.velocity.runtime.resource.loader.ClasspathResourceLoader
2013-09-12 19:07:22,735 - ResourceManager : found tpjsonthemes.vm with loader org.apache.velocity.runtime.resource.loader.ClasspathResourceLoader
2013-09-12 19:07:22,736 - ResourceManager : found tpjsonthemes.vm with loader org.apache.velocity.runtime.resource.loader.ClasspathResourceLoader
2013-09-12 19:07:22,737 - ResourceManager : found tpjsonthemes.vm with loader org.apache.velocity.runtime.resource.loader.ClasspathResourceLoader
2013-09-12 19:07:22,738 - ResourceManager : found tpjsonthemes.vm with loader org.apache.velocity.runtime.resource.loader.ClasspathResourceLoader
2013-09-12 19:07:22,738 - ResourceManager : found tpjsonthemes.vm with loader org.apache.velocity.runtime.resource.loader.ClasspathResourceLoader
2013-09-12 19:07:22,739 - ResourceManager : found tpjsonthemes.vm with loader org.apache.velocity.runtime.resource.loader.ClasspathResourceLoader
2013-09-12 19:07:22,740 - ResourceManager : found tpjsonthemes.vm with loader org.apache.velocity.runtime.resource.loader.ClasspathResourceLoader
2013-09-12 19:07:22,741 - ResourceManager : found tpjsonthemes.vm with loader org.apache.velocity.runtime.resource.loader.ClasspathResourceLoader
2013-09-12 19:07:22,741 - ResourceManager : found tpjsonthemes.vm with loader org.apache.velocity.runtime.resource.loader.ClasspathResourceLoader
2013-09-12 19:07:22,742 - ResourceManager : found tpjsonthemes.vm with loader org.apache.velocity.runtime.resource.loader.ClasspathResourceLoader
2013-09-12 19:07:22,743 - ResourceManager : found tpjsonthemes.vm with loader org.apache.velocity.runtime.resource.loader.ClasspathResourceLoader
2013-09-12 19:07:22,744 - ResourceManager : found tpjsonthemes.vm with loader org.apache.velocity.runtime.resource.loader.ClasspathResourceLoader
2013-09-12 19:07:22,746 - ResourceManager : found tpjsonthemes.vm with loader org.apache.velocity.runtime.resource.loader.ClasspathResourceLoader
2013-09-12 19:07:22,747 - ResourceManager : found tpjsonthemes.vm with loader org.apache.velocity.runtime.resource.loader.ClasspathResourceLoader
2013-09-12 19:07:22,748 - ResourceManager : found tpjsonthemes.vm with loader org.apache.velocity.runtime.resource.loader.ClasspathResourceLoader
2013-09-12 19:07:22,748 - ResourceManager : found tpjsonthemes.vm with loader org.apache.velocity.runtime.resource.loader.ClasspathResourceLoader
